<?xml version="1.0" encoding="UTF-8"?>
<testsuite xmlns:xsi="http://www.w3.org/2001/XMLSchema-instance" xsi:noNamespaceSchemaLocation="https://maven.apache.org/surefire/maven-surefire-plugin/xsd/surefire-test-report.xsd" name="edu.postech.csed332.homework1.GameTest" time="0.042" tests="6" errors="0" skipped="0" failures="0">
  <properties>
[...]
</properties>
  <testcase name="testPlaceUnit" classname="edu.postech.csed332.homework1.GameTest" time="0.023"/>
  <testcase name="custom" classname="edu.postech.csed332.homework1.GameTest" time="0.001"/>
  <testcase name="testPlaceTwoUnits" classname="edu.postech.csed332.homework1.GameTest" time="0.001"/>
  <testcase name="testGroundAttack" classname="edu.postech.csed332.homework1.GameTest" time="0.001"/>
  <testcase name="testPlaceUnitInvalid" classname="edu.postech.csed332.homework1.GameTest" time="0.003"/>
  <testcase name="testGameBoard" classname="edu.postech.csed332.homework1.GameTest" time="0.001"/>
</testsuite>